0 info it worked if it ends with ok
1 verbose cli [ 'C:\\Program Files\\nodejs\\\\node.exe',
1 verbose cli   'C:\\Program Files\\nodejs\\node_modules\\npm\\bin\\npm-cli.js',
1 verbose cli   'install',
1 verbose cli   'Metro-UI-CSS' ]
2 info using npm@1.4.28
3 info using node@v0.10.33
4 verbose node symlink C:\Program Files\nodejs\\node.exe
5 warn package.json nodebootstraper@0.0.2 No repository field.
6 verbose readDependencies using package.json deps
7 verbose cache add [ 'Metro-UI-CSS', null ]
8 verbose cache add name=undefined spec="Metro-UI-CSS" args=["Metro-UI-CSS",null]
9 verbose parsed url { protocol: null,
9 verbose parsed url   slashes: null,
9 verbose parsed url   auth: null,
9 verbose parsed url   host: null,
9 verbose parsed url   port: null,
9 verbose parsed url   hostname: null,
9 verbose parsed url   hash: null,
9 verbose parsed url   search: null,
9 verbose parsed url   query: null,
9 verbose parsed url   pathname: 'Metro-UI-CSS',
9 verbose parsed url   path: 'Metro-UI-CSS',
9 verbose parsed url   href: 'Metro-UI-CSS' }
10 silly lockFile b801d95d-Metro-UI-CSS Metro-UI-CSS
11 verbose lock Metro-UI-CSS C:\Users\Nico\AppData\Roaming\npm-cache\b801d95d-Metro-UI-CSS.lock
12 silly lockFile b801d95d-Metro-UI-CSS Metro-UI-CSS
13 silly lockFile b801d95d-Metro-UI-CSS Metro-UI-CSS
14 verbose addNamed [ 'Metro-UI-CSS', '' ]
15 verbose addNamed [ null, '*' ]
16 silly lockFile 32e46aaf-Metro-UI-CSS Metro-UI-CSS@
17 verbose lock Metro-UI-CSS@ C:\Users\Nico\AppData\Roaming\npm-cache\32e46aaf-Metro-UI-CSS.lock
18 silly addNameRange { name: 'Metro-UI-CSS', range: '*', hasData: false }
19 verbose request where is /Metro-UI-CSS
20 verbose request registry https://registry.npmjs.org/
21 verbose request id f5ff711a390cf318
22 verbose url raw /Metro-UI-CSS
23 verbose url resolving [ 'https://registry.npmjs.org/', './Metro-UI-CSS' ]
24 verbose url resolved https://registry.npmjs.org/Metro-UI-CSS
25 verbose request where is https://registry.npmjs.org/Metro-UI-CSS
26 info trying registry request attempt 1 at 00:19:27
27 http GET https://registry.npmjs.org/Metro-UI-CSS
28 http 404 https://registry.npmjs.org/Metro-UI-CSS
29 verbose headers { date: 'Wed, 04 Feb 2015 23:19:28 GMT',
29 verbose headers   server: 'CouchDB/1.5.0 (Erlang OTP/R16B03)',
29 verbose headers   'content-type': 'application/json',
29 verbose headers   'cache-control': 'max-age=0',
29 verbose headers   'content-length': '52',
29 verbose headers   'accept-ranges': 'bytes',
29 verbose headers   via: '1.1 varnish',
29 verbose headers   age: '0',
29 verbose headers   'x-served-by': 'cache-ams4140-AMS',
29 verbose headers   'x-cache': 'MISS',
29 verbose headers   'x-cache-hits': '0',
29 verbose headers   'x-timer': 'S1423091968.578166,VS0,VE377',
29 verbose headers   'keep-alive': 'timeout=10, max=50',
29 verbose headers   connection: 'Keep-Alive' }
30 silly registry.get cb [ 404,
30 silly registry.get   { date: 'Wed, 04 Feb 2015 23:19:28 GMT',
30 silly registry.get     server: 'CouchDB/1.5.0 (Erlang OTP/R16B03)',
30 silly registry.get     'content-type': 'application/json',
30 silly registry.get     'cache-control': 'max-age=0',
30 silly registry.get     'content-length': '52',
30 silly registry.get     'accept-ranges': 'bytes',
30 silly registry.get     via: '1.1 varnish',
30 silly registry.get     age: '0',
30 silly registry.get     'x-served-by': 'cache-ams4140-AMS',
30 silly registry.get     'x-cache': 'MISS',
30 silly registry.get     'x-cache-hits': '0',
30 silly registry.get     'x-timer': 'S1423091968.578166,VS0,VE377',
30 silly registry.get     'keep-alive': 'timeout=10, max=50',
30 silly registry.get     connection: 'Keep-Alive' } ]
31 silly lockFile 32e46aaf-Metro-UI-CSS Metro-UI-CSS@
32 silly lockFile 32e46aaf-Metro-UI-CSS Metro-UI-CSS@
33 error 404 404 Not Found: Metro-UI-CSS
33 error 404
33 error 404 'Metro-UI-CSS' is not in the npm registry.
33 error 404 You should bug the author to publish it
33 error 404 It was specified as a dependency of 'nodebootstraper'
33 error 404
33 error 404 Note that you can also install from a
33 error 404 tarball, folder, or http url, or git url.
34 error System Windows_NT 6.2.9200
35 error command "C:\\Program Files\\nodejs\\\\node.exe" "C:\\Program Files\\nodejs\\node_modules\\npm\\bin\\npm-cli.js" "install" "Metro-UI-CSS"
36 error cwd D:\temp\pos\V1
37 error node -v v0.10.33
38 error npm -v 1.4.28
39 error code E404
40 verbose exit [ 1, true ]
